* using log directory ‘/Users/max/r_package_development/bayes2stage/..Rcheck’
* using R version 4.4.2 (2024-10-31)
* using platform: aarch64-apple-darwin20
* R was compiled by
    Apple clang version 14.0.0 (clang-1400.0.29.202)
    GNU Fortran (GCC) 12.2.0
* running under: macOS Sequoia 15.7.2
* using session charset: UTF-8
* using options ‘--no-manual --no-build-vignettes’
* checking for file ‘./DESCRIPTION’ ... OK
* this is package ‘bayes2stage’ version ‘0.0.0.9000’
* package encoding: UTF-8
* checking package namespace information ... OK
* checking package dependencies ... NOTE
Depends: includes the non-default packages:
  'MASS', 'mvtnorm', 'nimble', 'nimbleEcology', 'nimbleMacros',
  'numDeriv'
Adding so many packages to the search path is excessive and importing
selectively is preferable.
* checking if this is a source package ... OK
* checking if there is a namespace ... OK
* checking for executable files ... OK
* checking for hidden files and directories ... NOTE
Found the following hidden files and directories:
  .DS_Store
  .gitignore
  inst/.DS_Store
  inst/.gitignore
  ..Rcheck
  .Rproj.user
  .git
  inst/.quarto
  inst/check_ods_bds_functions/.quarto
These were most likely included in error. See section ‘Package
structure’ in the ‘Writing R Extensions’ manual.
* checking for portable file names ... NOTE
Found the following non-portable file paths:
  bayes2stage/.Rproj.user/12C15C58/ctx/ctx-37565/plots_dir/24a1c175-e0de-4f63-bd3f-a1e3069ebbc8.snapshot
  bayes2stage/.Rproj.user/12C15C58/ctx/ctx-37565/plots_dir/b38934d4-3ffa-4264-a4d0-4153e3ba586e.snapshot
  bayes2stage/.Rproj.user/12C15C58/ctx/ctx-37565/plots_dir/b8f16da3-89bd-4d6e-8700-c12371966270.snapshot
  bayes2stage/.Rproj.user/12C15C58/ctx/ctx-37565/plots_dir/f316fda2-d400-4525-aee1-fae29d75f35f.snapshot
  bayes2stage/.Rproj.user/12C15C58/ctx/ctx-43647/plots_dir/189b8fc3-2e38-4ad6-9124-fb04650e9f1a.snapshot
  bayes2stage/.Rproj.user/shared/notebooks/6FAB1619-compare_sampling_efficiency/1/12C15C58b99d1ba2/chunks.json
  bayes2stage/.Rproj.user/shared/notebooks/6FAB1619-compare_sampling_efficiency/1/s/c028t8fowfcqv/00000f.csv
  bayes2stage/.Rproj.user/shared/notebooks/6FAB1619-compare_sampling_efficiency/1/s/c028t8fowfcqv/000010.html
  bayes2stage/.Rproj.user/shared/notebooks/6FAB1619-compare_sampling_efficiency/1/s/c028t8fowfcqv/000010.metadata
  bayes2stage/.Rproj.user/shared/notebooks/6FAB1619-compare_sampling_efficiency/1/s/c0okneuulc7g3/00000f.csv
  bayes2stage/.Rproj.user/shared/notebooks/6FAB1619-compare_sampling_efficiency/1/s/c0okneuulc7g3/000010.metadata
  bayes2stage/.Rproj.user/shared/notebooks/6FAB1619-compare_sampling_efficiency/1/s/c0okneuulc7g3/000010.png
  bayes2stage/.Rproj.user/shared/notebooks/6FAB1619-compare_sampling_efficiency/1/s/c109utv94xwdy/00000f.csv
  bayes2stage/.Rproj.user/shared/notebooks/6FAB1619-compare_sampling_efficiency/1/s/c109utv94xwdy/000010.metadata
  bayes2stage/.Rproj.user/shared/notebooks/6FAB1619-compare_sampling_efficiency/1/s/c109utv94xwdy/000010.png
  bayes2stage/.Rproj.user/shared/notebooks/6FAB1619-compare_sampling_efficiency/1/s/c109utv94xwdy/000010.snapshot
  bayes2stage/.Rproj.user/shared/notebooks/6FAB1619-compare_sampling_efficiency/1/s/c1av2gzdqvrcy/00000f.csv
  bayes2stage/.Rproj.user/shared/notebooks/6FAB1619-compare_sampling_efficiency/1/s/c28h2x141ay1z/00000f.csv
  bayes2stage/.Rproj.user/shared/notebooks/6FAB1619-compare_sampling_efficiency/1/s/c2kgyd9swukng/00000f.csv
  bayes2stage/.Rproj.user/shared/notebooks/6FAB1619-compare_sampling_efficiency/1/s/c5q1cswfstn2z/00000f.csv
  bayes2stage/.Rproj.user/shared/notebooks/6FAB1619-compare_sampling_efficiency/1/s/c5q1cswfstn2z/000010.metadata
  bayes2stage/.Rproj.user/shared/notebooks/6FAB1619-compare_sampling_efficiency/1/s/c5q1cswfstn2z/000010.png
  bayes2stage/.Rproj.user/shared/notebooks/6FAB1619-compare_sampling_efficiency/1/s/c656w1ay0oavt/00000f.csv
  bayes2stage/.Rproj.user/shared/notebooks/6FAB1619-compare_sampling_efficiency/1/s/c656w1ay0oavt/000010.metadata
  bayes2stage/.Rproj.user/shared/notebooks/6FAB1619-compare_sampling_efficiency/1/s/c656w1ay0oavt/000010.png
  bayes2stage/.Rproj.user/shared/notebooks/6FAB1619-compare_sampling_efficiency/1/s/c78q7uk2gf7n6/00000f.csv
  bayes2stage/.Rproj.user/shared/notebooks/6FAB1619-compare_sampling_efficiency/1/s/c9ffbcs1hqdnq/00000f.csv
  bayes2stage/.Rproj.user/shared/notebooks/6FAB1619-compare_sampling_efficiency/1/s/ca1bswhpa7mxj/00000f.csv
  bayes2stage/.Rproj.user/shared/notebooks/6FAB1619-compare_sampling_efficiency/1/s/ca1bswhpa7mxj/000010.error
  bayes2stage/.Rproj.user/shared/notebooks/6FAB1619-compare_sampling_efficiency/1/s/cd1hs4t1rbm01/00000f.csv
  bayes2stage/.Rproj.user/shared/notebooks/6FAB1619-compare_sampling_efficiency/1/s/cd1hs4t1rbm01/000010.metadata
  bayes2stage/.Rproj.user/shared/notebooks/6FAB1619-compare_sampling_efficiency/1/s/cd1hs4t1rbm01/000010.png
  bayes2stage/.Rproj.user/shared/notebooks/6FAB1619-compare_sampling_efficiency/1/s/cd1hs4t1rbm01/000011.metadata
  bayes2stage/.Rproj.user/shared/notebooks/6FAB1619-compare_sampling_efficiency/1/s/cd1hs4t1rbm01/000011.png
  bayes2stage/.Rproj.user/shared/notebooks/6FAB1619-compare_sampling_efficiency/1/s/cd1hs4t1rbm01/000012.csv
  bayes2stage/.Rproj.user/shared/notebooks/6FAB1619-compare_sampling_efficiency/1/s/cd1hs4t1rbm01/000013.metadata
  bayes2stage/.Rproj.user/shared/notebooks/6FAB1619-compare_sampling_efficiency/1/s/cd1hs4t1rbm01/000013.png
  bayes2stage/.Rproj.user/shared/notebooks/6FAB1619-compare_sampling_efficiency/1/s/cexjecck86hsp/00000f.csv
  bayes2stage/.Rproj.user/shared/notebooks/6FAB1619-compare_sampling_efficiency/1/s/cexjecck86hsp/000010.metadata
  bayes2stage/.Rproj.user/shared/notebooks/6FAB1619-compare_sampling_efficiency/1/s/cexjecck86hsp/000010.png
  bayes2stage/.Rproj.user/shared/notebooks/6FAB1619-compare_sampling_efficiency/1/s/chh1ufvud7kj3/00000f.csv
  bayes2stage/.Rproj.user/shared/notebooks/6FAB1619-compare_sampling_efficiency/1/s/chh1ufvud7kj3/000010.metadata
  bayes2stage/.Rproj.user/shared/notebooks/6FAB1619-compare_sampling_efficiency/1/s/chh1ufvud7kj3/000010.png
  bayes2stage/.Rproj.user/shared/notebooks/6FAB1619-compare_sampling_efficiency/1/s/chtbkll2djzcz/00000f.csv
  bayes2stage/.Rproj.user/shared/notebooks/6FAB1619-compare_sampling_efficiency/1/s/ciloqyt5fsebf/00000f.csv
  bayes2stage/.Rproj.user/shared/notebooks/6FAB1619-compare_sampling_efficiency/1/s/cn2e9bszemulp/00000f.csv
  bayes2stage/.Rproj.user/shared/notebooks/6FAB1619-compare_sampling_efficiency/1/s/cn2e9bszemulp/000010.metadata
  bayes2stage/.Rproj.user/shared/notebooks/6FAB1619-compare_sampling_efficiency/1/s/cn2e9bszemulp/000010.png
  bayes2stage/.Rproj.user/shared/notebooks/6FAB1619-compare_sampling_efficiency/1/s/cqt1en052s2q1/00000f.csv
  bayes2stage/.Rproj.user/shared/notebooks/6FAB1619-compare_sampling_efficiency/1/s/csetup_chunk/00000f.csv
  bayes2stage/.Rproj.user/shared/notebooks/6FAB1619-compare_sampling_efficiency/1/s/csm0gh97kp7zo/00000f.csv
  bayes2stage/.Rproj.user/shared/notebooks/6FAB1619-compare_sampling_efficiency/1/s/csvq8bup3pdxe/00000f.csv
  bayes2stage/.Rproj.user/shared/notebooks/6FAB1619-compare_sampling_efficiency/1/s/csx8lrf8wev5y/00000f.csv
  bayes2stage/.Rproj.user/shared/notebooks/6FAB1619-compare_sampling_efficiency/1/s/ct1bba4lvfzwn/00000f.csv
  bayes2stage/.Rproj.user/shared/notebooks/6FAB1619-compare_sampling_efficiency/1/s/ct1bba4lvfzwn/000010.metadata
  bayes2stage/.Rproj.user/shared/notebooks/6FAB1619-compare_sampling_efficiency/1/s/ct1bba4lvfzwn/000010.png
  bayes2stage/.Rproj.user/shared/notebooks/6FAB1619-compare_sampling_efficiency/1/s/cw8fokwezbw20/00000f.csv
  bayes2stage/.Rproj.user/shared/notebooks/6FAB1619-compare_sampling_efficiency/1/s/cw8fokwezbw20/000010.metadata
  bayes2stage/.Rproj.user/shared/notebooks/6FAB1619-compare_sampling_efficiency/1/s/cw8fokwezbw20/000010.png
  bayes2stage/.Rproj.user/shared/notebooks/6FAB1619-compare_sampling_efficiency/1/s/cwh98tzsdg0jj/00000f.csv
  bayes2stage/.Rproj.user/shared/notebooks/6FAB1619-compare_sampling_efficiency/1/s/cwh98tzsdg0jj/000010.metadata
  bayes2stage/.Rproj.user/shared/notebooks/6FAB1619-compare_sampling_efficiency/1/s/cwh98tzsdg0jj/000010.png
  bayes2stage/.Rproj.user/shared/notebooks/6FAB1619-compare_sampling_efficiency/1/s/cz9yc1miscp20/00000f.csv
  bayes2stage/.Rproj.user/shared/notebooks/6FAB1619-compare_sampling_efficiency/1/s/czgjfaf0z7rvs/00000f.csv
  bayes2stage/.Rproj.user/shared/notebooks/6FAB1619-compare_sampling_efficiency/1/s/czgjfaf0z7rvs/000010.html
  bayes2stage/.Rproj.user/shared/notebooks/6FAB1619-compare_sampling_efficiency/1/s/czgjfaf0z7rvs/000010.metadata
  bayes2stage/inst/compare_sampling_efficiency_files/libs/bootstrap/bootstrap-a74871fe4945b66d259aafc266475145.min.css
  bayes2stage/inst/compare_sampling_efficiency_files/libs/quarto-html/quarto-syntax-highlighting-7b89279ff1a6dce999919e0e67d4d9ec.css

Tarballs are only required to store paths of up to 100 bytes and cannot
store those of more than 256 bytes, with restrictions including to 100
bytes for the final component.
See section ‘Package structure’ in the ‘Writing R Extensions’ manual.
* checking for sufficient/correct file permissions ... OK
* checking whether package ‘bayes2stage’ can be installed ... OK
* checking installed package size ... NOTE
  installed size is 13.5Mb
  sub-directories of 1Mb or more:
    .quarto                             2.9Mb
    bin                                 2.9Mb
    compare_sampling_efficiency_files   7.1Mb
* checking package directory ... OK
* checking DESCRIPTION meta-information ... NOTE
Checking should be performed on sources prepared by ‘R CMD build’.
* checking top-level files ... OK
* checking for left-over files ... OK
* checking index information ... OK
* checking package subdirectories ... WARNING
Found the following directory with the name of a check directory:
  ./..Rcheck
Most likely, these were included erroneously.
* checking code files for non-ASCII characters ... OK
* checking R files for syntax errors ... OK
* checking whether the package can be loaded ... OK
* checking whether the package can be loaded with stated dependencies ... OK
* checking whether the package can be unloaded cleanly ... OK
* checking whether the namespace can be loaded with stated dependencies ... OK
* checking whether the namespace can be unloaded cleanly ... OK
* checking dependencies in R code ... OK
* checking S3 generic/method consistency ... OK
* checking replacement functions ... OK
* checking foreign function calls ... OK
* checking R code for possible problems ... OK
* checking Rd files ... OK
* checking Rd metadata ... OK
* checking Rd cross-references ... OK
* checking for missing documentation entries ... OK
* checking for code/documentation mismatches ... OK
* checking Rd \usage sections ... OK
* checking Rd contents ... OK
* checking for unstated dependencies in examples ... OK
* checking line endings in shell scripts ... OK
* checking line endings in C/C++/Fortran sources/headers ... OK
* checking line endings in Makefiles ... OK
* checking compilation flags in Makevars ... OK
* checking for GNU extensions in Makefiles ... OK
* checking for portable use of $(BLAS_LIBS) and $(LAPACK_LIBS) ... OK
* checking use of PKG_*FLAGS in Makefiles ... OK
* checking compiled code ... OK
* checking examples ... NONE
* checking for unstated dependencies in ‘tests’ ... OK
* checking tests ... OK
  Running ‘testthat.R’
* DONE
Status: 1 WARNING, 5 NOTEs
