* installing *source* package ‘bayes2stage’ ...
** using staged installation
** libs
installing via 'install.libs.R' to /Users/max/r_package_development/bayes2stage/..Rcheck/00LOCK-bayes2stage/00new/bayes2stage
Running make \
  /var/folders/js/f3hp53z954v4l_fzq7td7bp40000gn/T/RtmpAyQZyS/model-c84d7b6185c5 \
  "STANCFLAGS +=  --name='mixed_effects_imputation_model'"

--- Translating Stan model to C++ code ---
bin/stanc --name='mixed_effects_imputation_model' --o=/var/folders/js/f3hp53z954v4l_fzq7td7bp40000gn/T/RtmpAyQZyS/model-c84d7b6185c5.hpp /var/folders/js/f3hp53z954v4l_fzq7td7bp40000gn/T/RtmpAyQZyS/model-c84d7b6185c5.stan

--- Compiling C++ code ---
clang++ -Wno-deprecated-declarations -std=c++17 -Wno-unknown-warning-option -Wno-tautological-compare -Wno-sign-compare -D_REENTRANT -ffp-contract=off -Wno-ignored-attributes      -I stan/lib/stan_math/lib/tbb_2020.3/include    -O3 -I src -I stan/src -I stan/lib/rapidjson_1.1.0/ -I lib/CLI11-1.9.1/ -I stan/lib/stan_math/ -I stan/lib/stan_math/lib/eigen_3.4.0 -I stan/lib/stan_math/lib/boost_1.87.0 -I stan/lib/stan_math/lib/sundials_6.1.1/include -I stan/lib/stan_math/lib/sundials_6.1.1/src/sundials    -DBOOST_DISABLE_ASSERTS          -c -include-pch stan/src/stan/model/model_header.hpp.gch/model_header_17_0.hpp.gch -x c++ -o /var/folders/js/f3hp53z954v4l_fzq7td7bp40000gn/T/RtmpAyQZyS/model-c84d7b6185c5.o /var/folders/js/f3hp53z954v4l_fzq7td7bp40000gn/T/RtmpAyQZyS/model-c84d7b6185c5.hpp

--- Linking model ---
clang++ -Wno-deprecated-declarations -std=c++17 -Wno-unknown-warning-option -Wno-tautological-compare -Wno-sign-compare -D_REENTRANT -ffp-contract=off -Wno-ignored-attributes      -I stan/lib/stan_math/lib/tbb_2020.3/include    -O3 -I src -I stan/src -I stan/lib/rapidjson_1.1.0/ -I lib/CLI11-1.9.1/ -I stan/lib/stan_math/ -I stan/lib/stan_math/lib/eigen_3.4.0 -I stan/lib/stan_math/lib/boost_1.87.0 -I stan/lib/stan_math/lib/sundials_6.1.1/include -I stan/lib/stan_math/lib/sundials_6.1.1/src/sundials    -DBOOST_DISABLE_ASSERTS               -Wl,-L,"/Users/max/.cmdstan/cmdstan-2.37.0/stan/lib/stan_math/lib/tbb"   -Wl,-rpath,"/Users/max/.cmdstan/cmdstan-2.37.0/stan/lib/stan_math/lib/tbb"      /var/folders/js/f3hp53z954v4l_fzq7td7bp40000gn/T/RtmpAyQZyS/model-c84d7b6185c5.o src/cmdstan/main.o       -ltbb   stan/lib/stan_math/lib/sundials_6.1.1/lib/libsundials_nvecserial.a stan/lib/stan_math/lib/sundials_6.1.1/lib/libsundials_cvodes.a stan/lib/stan_math/lib/sundials_6.1.1/lib/libsundials_idas.a stan/lib/stan_math/lib/sundials_6.1.1/lib/libsundials_kinsol.a  stan/lib/stan_math/lib/tbb/libtbb.dylib stan/lib/stan_math/lib/tbb/libtbbmalloc.dylib stan/lib/stan_math/lib/tbb/libtbbmalloc_proxy.dylib -o /var/folders/js/f3hp53z954v4l_fzq7td7bp40000gn/T/RtmpAyQZyS/model-c84d7b6185c5
rm /var/folders/js/f3hp53z954v4l_fzq7td7bp40000gn/T/RtmpAyQZyS/model-c84d7b6185c5.hpp /var/folders/js/f3hp53z954v4l_fzq7td7bp40000gn/T/RtmpAyQZyS/model-c84d7b6185c5.o
Warning message:
In readLines(stan_file) :
  incomplete final line found on '/Users/max/r_package_development/bayes2stage/..Rcheck/00LOCK-bayes2stage/00new/bayes2stage/bin/stan/mixed_effects_imputation.stan'
** R
** inst
** byte-compile and prepare package for lazy loading
** help
*** installing help indices
*** copying figures
** building package indices
** testing if installed package can be loaded from temporary location
** testing if installed package can be loaded from final location
** testing if installed package keeps a record of temporary installation path
* DONE (bayes2stage)
